[Wed, 23 Dec 2015 23:54:03 +0000] [/mnt/sandbox/dreambed-aws/wp-content/uploads/2015/12/cool-dream-cutaway-pdp.jpg =. wp-content/uploads/2015/12/cool-dream-cutaway-pdp.jpg] OK
[Wed, 23 Dec 2015 23:54:06 +0000] [/mnt/sandbox/dreambed-aws/wp-content/uploads/2015/12/cool-dream-cutaway-pdp-150x150.jpg =. wp-content/uploads/2015/12/cool-dream-cutaway-pdp-150x150.jpg] OK
[Wed, 23 Dec 2015 23:54:06 +0000] [/mnt/sandbox/dreambed-aws/wp-content/uploads/2015/12/cool-dream-cutaway-pdp-300x84.jpg =. wp-content/uploads/2015/12/cool-dream-cutaway-pdp-300x84.jpg] OK
[Wed, 23 Dec 2015 23:54:06 +0000] [/mnt/sandbox/dreambed-aws/wp-content/uploads/2015/12/cool-dream-cutaway-pdp-1024x286.jpg =. wp-content/uploads/2015/12/cool-dream-cutaway-pdp-1024x286.jpg] OK
[Wed, 23 Dec 2015 23:54:06 +0000] [/mnt/sandbox/dreambed-aws/wp-content/uploads/2015/12/cool-dream-cutaway-pdp-180x180.jpg =. wp-content/uploads/2015/12/cool-dream-cutaway-pdp-180x180.jpg] OK
[Wed, 23 Dec 2015 23:54:06 +0000] [/mnt/sandbox/dreambed-aws/wp-content/uploads/2015/12/cool-dream-cutaway-pdp-300x300.jpg =. wp-content/uploads/2015/12/cool-dream-cutaway-pdp-300x300.jpg] OK
[Wed, 23 Dec 2015 23:54:06 +0000] [/mnt/sandbox/dreambed-aws/wp-content/uploads/2015/12/cool-dream-cutaway-pdp-600x502.jpg =. wp-content/uploads/2015/12/cool-dream-cutaway-pdp-600x502.jpg] OK
[Wed, 23 Dec 2015 23:54:07 +0000] [/mnt/sandbox/dreambed-aws/wp-content/uploads/2015/12/cool-dream-cutaway-pdp.png =. wp-content/uploads/2015/12/cool-dream-cutaway-pdp.png] OK
[Wed, 23 Dec 2015 23:54:08 +0000] [/mnt/sandbox/dreambed-aws/wp-content/uploads/2015/12/cool-dream-cutaway-pdp-150x150.png =. wp-content/uploads/2015/12/cool-dream-cutaway-pdp-150x150.png] OK
[Wed, 23 Dec 2015 23:54:08 +0000] [/mnt/sandbox/dreambed-aws/wp-content/uploads/2015/12/cool-dream-cutaway-pdp-300x84.png =. wp-content/uploads/2015/12/cool-dream-cutaway-pdp-300x84.png] OK
[Wed, 23 Dec 2015 23:54:08 +0000] [/mnt/sandbox/dreambed-aws/wp-content/uploads/2015/12/cool-dream-cutaway-pdp-1024x286.png =. wp-content/uploads/2015/12/cool-dream-cutaway-pdp-1024x286.png] OK
[Wed, 23 Dec 2015 23:54:08 +0000] [/mnt/sandbox/dreambed-aws/wp-content/uploads/2015/12/cool-dream-cutaway-pdp-180x180.png =. wp-content/uploads/2015/12/cool-dream-cutaway-pdp-180x180.png] OK
[Wed, 23 Dec 2015 23:54:08 +0000] [/mnt/sandbox/dreambed-aws/wp-content/uploads/2015/12/cool-dream-cutaway-pdp-300x300.png =. wp-content/uploads/2015/12/cool-dream-cutaway-pdp-300x300.png] OK
[Wed, 23 Dec 2015 23:54:08 +0000] [/mnt/sandbox/dreambed-aws/wp-content/uploads/2015/12/cool-dream-cutaway-pdp-600x502.png =. wp-content/uploads/2015/12/cool-dream-cutaway-pdp-600x502.png] OK
[Wed, 23 Dec 2015 23:54:09 +0000] [/mnt/sandbox/dreambed-aws/wp-content/uploads/2015/12/feet-hanging-off-bed-detail-home.jpg =. wp-content/uploads/2015/12/feet-hanging-off-bed-detail-home.jpg] OK
[Wed, 23 Dec 2015 23:54:10 +0000] [/mnt/sandbox/dreambed-aws/wp-content/uploads/2015/12/feet-hanging-off-bed-detail-home-150x150.jpg =. wp-content/uploads/2015/12/feet-hanging-off-bed-detail-home-150x150.jpg] OK
[Wed, 23 Dec 2015 23:54:10 +0000] [/mnt/sandbox/dreambed-aws/wp-content/uploads/2015/12/feet-hanging-off-bed-detail-home-300x190.jpg =. wp-content/uploads/2015/12/feet-hanging-off-bed-detail-home-300x190.jpg] OK
[Wed, 23 Dec 2015 23:54:10 +0000] [/mnt/sandbox/dreambed-aws/wp-content/uploads/2015/12/feet-hanging-off-bed-detail-home-1024x650.jpg =. wp-content/uploads/2015/12/feet-hanging-off-bed-detail-home-1024x650.jpg] OK
[Wed, 23 Dec 2015 23:54:10 +0000] [/mnt/sandbox/dreambed-aws/wp-content/uploads/2015/12/feet-hanging-off-bed-detail-home-180x180.jpg =. wp-content/uploads/2015/12/feet-hanging-off-bed-detail-home-180x180.jpg] OK
[Wed, 23 Dec 2015 23:54:10 +0000] [/mnt/sandbox/dreambed-aws/wp-content/uploads/2015/12/feet-hanging-off-bed-detail-home-300x300.jpg =. wp-content/uploads/2015/12/feet-hanging-off-bed-detail-home-300x300.jpg] OK
[Wed, 23 Dec 2015 23:54:10 +0000] [/mnt/sandbox/dreambed-aws/wp-content/uploads/2015/12/feet-hanging-off-bed-detail-home-600x600.jpg =. wp-content/uploads/2015/12/feet-hanging-off-bed-detail-home-600x600.jpg] OK
[Wed, 23 Dec 2015 23:54:11 +0000] [/mnt/sandbox/dreambed-aws/wp-content/uploads/2015/12/original-dream-cutaway-pdp.jpg =. wp-content/uploads/2015/12/original-dream-cutaway-pdp.jpg] OK
[Wed, 23 Dec 2015 23:54:11 +0000] [/mnt/sandbox/dreambed-aws/wp-content/uploads/2015/12/original-dream-cutaway-pdp-150x150.jpg =. wp-content/uploads/2015/12/original-dream-cutaway-pdp-150x150.jpg] OK
[Wed, 23 Dec 2015 23:54:12 +0000] [/mnt/sandbox/dreambed-aws/wp-content/uploads/2015/12/original-dream-cutaway-pdp-300x84.jpg =. wp-content/uploads/2015/12/original-dream-cutaway-pdp-300x84.jpg] OK
[Wed, 23 Dec 2015 23:54:12 +0000] [/mnt/sandbox/dreambed-aws/wp-content/uploads/2015/12/original-dream-cutaway-pdp-1024x286.jpg =. wp-content/uploads/2015/12/original-dream-cutaway-pdp-1024x286.jpg] OK
[Wed, 23 Dec 2015 23:54:12 +0000] [/mnt/sandbox/dreambed-aws/wp-content/uploads/2015/12/original-dream-cutaway-pdp-180x180.jpg =. wp-content/uploads/2015/12/original-dream-cutaway-pdp-180x180.jpg] OK
[Wed, 23 Dec 2015 23:54:12 +0000] [/mnt/sandbox/dreambed-aws/wp-content/uploads/2015/12/original-dream-cutaway-pdp-300x300.jpg =. wp-content/uploads/2015/12/original-dream-cutaway-pdp-300x300.jpg] OK
[Wed, 23 Dec 2015 23:54:12 +0000] [/mnt/sandbox/dreambed-aws/wp-content/uploads/2015/12/original-dream-cutaway-pdp-600x502.jpg =. wp-content/uploads/2015/12/original-dream-cutaway-pdp-600x502.jpg] OK
[Wed, 23 Dec 2015 23:54:13 +0000] [/mnt/sandbox/dreambed-aws/wp-content/uploads/2015/12/original-dream-cutaway-pdp.png =. wp-content/uploads/2015/12/original-dream-cutaway-pdp.png] OK
[Wed, 23 Dec 2015 23:54:13 +0000] [/mnt/sandbox/dreambed-aws/wp-content/uploads/2015/12/original-dream-cutaway-pdp-150x150.png =. wp-content/uploads/2015/12/original-dream-cutaway-pdp-150x150.png] OK
[Wed, 23 Dec 2015 23:54:14 +0000] [/mnt/sandbox/dreambed-aws/wp-content/uploads/2015/12/original-dream-cutaway-pdp-300x84.png =. wp-content/uploads/2015/12/original-dream-cutaway-pdp-300x84.png] OK
[Wed, 23 Dec 2015 23:54:14 +0000] [/mnt/sandbox/dreambed-aws/wp-content/uploads/2015/12/original-dream-cutaway-pdp-1024x286.png =. wp-content/uploads/2015/12/original-dream-cutaway-pdp-1024x286.png] OK
[Wed, 23 Dec 2015 23:54:14 +0000] [/mnt/sandbox/dreambed-aws/wp-content/uploads/2015/12/original-dream-cutaway-pdp-180x180.png =. wp-content/uploads/2015/12/original-dream-cutaway-pdp-180x180.png] OK
[Wed, 23 Dec 2015 23:54:14 +0000] [/mnt/sandbox/dreambed-aws/wp-content/uploads/2015/12/original-dream-cutaway-pdp-300x300.png =. wp-content/uploads/2015/12/original-dream-cutaway-pdp-300x300.png] OK
[Wed, 23 Dec 2015 23:54:14 +0000] [/mnt/sandbox/dreambed-aws/wp-content/uploads/2015/12/original-dream-cutaway-pdp-600x502.png =. wp-content/uploads/2015/12/original-dream-cutaway-pdp-600x502.png] OK
[Wed, 23 Dec 2015 23:54:15 +0000] [/mnt/sandbox/dreambed-aws/wp-content/uploads/2015/12/unpacking-the-dream-box.jpg =. wp-content/uploads/2015/12/unpacking-the-dream-box.jpg] OK
[Wed, 23 Dec 2015 23:54:16 +0000] [/mnt/sandbox/dreambed-aws/wp-content/uploads/2015/12/unpacking-the-dream-box-150x150.jpg =. wp-content/uploads/2015/12/unpacking-the-dream-box-150x150.jpg] OK
[Wed, 23 Dec 2015 23:54:16 +0000] [/mnt/sandbox/dreambed-aws/wp-content/uploads/2015/12/unpacking-the-dream-box-300x167.jpg =. wp-content/uploads/2015/12/unpacking-the-dream-box-300x167.jpg] OK
[Wed, 23 Dec 2015 23:54:16 +0000] [/mnt/sandbox/dreambed-aws/wp-content/uploads/2015/12/unpacking-the-dream-box-1024x569.jpg =. wp-content/uploads/2015/12/unpacking-the-dream-box-1024x569.jpg] OK
[Wed, 23 Dec 2015 23:54:16 +0000] [/mnt/sandbox/dreambed-aws/wp-content/uploads/2015/12/unpacking-the-dream-box-180x180.jpg =. wp-content/uploads/2015/12/unpacking-the-dream-box-180x180.jpg] OK
[Wed, 23 Dec 2015 23:54:16 +0000] [/mnt/sandbox/dreambed-aws/wp-content/uploads/2015/12/unpacking-the-dream-box-300x300.jpg =. wp-content/uploads/2015/12/unpacking-the-dream-box-300x300.jpg] OK
[Wed, 23 Dec 2015 23:54:16 +0000] [/mnt/sandbox/dreambed-aws/wp-content/uploads/2015/12/unpacking-the-dream-box-600x600.jpg =. wp-content/uploads/2015/12/unpacking-the-dream-box-600x600.jpg] OK
